<?xml version="1.0" encoding="UTF-8"?>
<robot generator="Robot 3.2.2 (Python 3.9.1 on win32)" generated="20210215 22:27:29.909" rpa="false">
<suite id="s1" name="Player" source="C:\rfw\parodify\tests\player.robot">
<test id="s1-t1" name="Reproduzir paródia Bug de Manhã">
<kw name="Open Login Page" library="auth">
<kw name="New Browser" library="Browser">
<tags>
<tag>BrowserControl</tag>
<tag>Setter</tag>
</tags>
<doc>Create a new playwright Browser with specified options.
See `Browser, Context and Page` for more information about Browser and related concepts.</doc>
<arguments>
<arg>${browser}</arg>
<arg>${headless}</arg>
</arguments>
<msg timestamp="20210215 22:27:31.432" level="INFO">{"browser": "chromium", "headless": false, "handleSIGINT": true, "handleSIGTERM": true, "handleSIGHUP": true, "timeout": 30000.0, "devtools": false, "slowMo": 0.0}</msg>
<msg timestamp="20210215 22:27:33.911" level="INFO">Successfully created browser with options: {"browser":"chromium","headless":false,"handleSIGINT":true,"handleSIGTERM":true,"handleSIGHUP":true,"timeout":30000,"devtools":false,"slowMo":0}</msg>
<status status="PASS" starttime="20210215 22:27:31.432" endtime="20210215 22:27:33.912"></status>
</kw>
<kw name="New Page" library="Browser">
<tags>
<tag>BrowserControl</tag>
<tag>Setter</tag>
</tags>
<doc>Open a new Page. A Page is the Playwright equivalent to a tab.
See `Browser, Context and Page` for more information about Page concept.
Returns a stable identifier for the created page.</doc>
<arguments>
<arg>https://parodify.herokuapp.com/users/sign_in</arg>
</arguments>
<msg timestamp="20210215 22:27:39.486" level="INFO">Successfully initialized new page object and opened url: https://parodify.herokuapp.com/users/sign_in</msg>
<status status="PASS" starttime="20210215 22:27:33.913" endtime="20210215 22:27:39.486"></status>
</kw>
<status status="PASS" starttime="20210215 22:27:31.430" endtime="20210215 22:27:39.487"></status>
</kw>
<kw name="Login With" library="auth">
<arguments>
<arg>papito@parodify.com</arg>
<arg>pwd123</arg>
</arguments>
<kw name="Fill Text" library="Browser">
<tags>
<tag>PageContent</tag>
<tag>Setter</tag>
</tags>
<doc>Clears and fills the given ``text`` into the text field found by ``selector``.</doc>
<arguments>
<arg>css=input[name*=email]</arg>
<arg>${email_arg}</arg>
</arguments>
<msg timestamp="20210215 22:27:39.489" level="INFO">Fills the text 'papito@parodify.com' in the given field.</msg>
<status status="PASS" starttime="20210215 22:27:39.488" endtime="20210215 22:27:40.168"></status>
</kw>
<kw name="Fill Text" library="Browser">
<tags>
<tag>PageContent</tag>
<tag>Setter</tag>
</tags>
<doc>Clears and fills the given ``text`` into the text field found by ``selector``.</doc>
<arguments>
<arg>css=#user_password</arg>
<arg>${pass_arg}</arg>
</arguments>
<msg timestamp="20210215 22:27:40.169" level="INFO">Fills the text 'pwd123' in the given field.</msg>
<status status="PASS" starttime="20210215 22:27:40.168" endtime="20210215 22:27:40.205"></status>
</kw>
<kw name="Click" library="Browser">
<tags>
<tag>PageContent</tag>
<tag>Setter</tag>
</tags>
<doc>Simulates mouse click on the element found by ``selector``.</doc>
<arguments>
<arg>css=input[value="Log in"]</arg>
</arguments>
<status status="PASS" starttime="20210215 22:27:40.206" endtime="20210215 22:27:41.524"></status>
</kw>
<status status="PASS" starttime="20210215 22:27:39.488" endtime="20210215 22:27:41.525"></status>
</kw>
<kw name="Logout Link Shoud Be Visible" library="auth">
<kw name="Wait For Elements State" library="Browser">
<tags>
<tag>PageContent</tag>
<tag>Wait</tag>
</tags>
<doc>Waits for the element found by ``selector`` to satisfy state option.</doc>
<arguments>
<arg>css=a[href$=sign_out]</arg>
<arg>visible</arg>
<arg>10</arg>
</arguments>
<msg timestamp="20210215 22:27:42.034" level="INFO">Wait for Element with selector: css=a[href$=sign_out]</msg>
<status status="PASS" starttime="20210215 22:27:41.536" endtime="20210215 22:27:42.040"></status>
</kw>
<status status="PASS" starttime="20210215 22:27:41.535" endtime="20210215 22:27:42.040"></status>
</kw>
<kw name="Go To Search Page" library="nave">
<kw name="Click" library="Browser">
<tags>
<tag>PageContent</tag>
<tag>Setter</tag>
</tags>
<doc>Simulates mouse click on the element found by ``selector``.</doc>
<arguments>
<arg>css=a[href*="search"]</arg>
</arguments>
<status status="PASS" starttime="20210215 22:27:42.054" endtime="20210215 22:27:42.163"></status>
</kw>
<kw name="Wait For Elements State" library="Browser">
<tags>
<tag>PageContent</tag>
<tag>Wait</tag>
</tags>
<doc>Waits for the element found by ``selector`` to satisfy state option.</doc>
<arguments>
<arg>xpath=//h2[contains(text(), "Buscar")]</arg>
<arg>visible</arg>
<arg>10</arg>
</arguments>
<msg timestamp="20210215 22:27:43.068" level="INFO">Wait for Element with selector: xpath=//h2[contains(text(), "Buscar")]</msg>
<status status="PASS" starttime="20210215 22:27:42.164" endtime="20210215 22:27:43.069"></status>
</kw>
<status status="PASS" starttime="20210215 22:27:42.053" endtime="20210215 22:27:43.069"></status>
</kw>
<kw name="Go To Sertanejo Category" library="nave">
<kw name="Click" library="Browser">
<tags>
<tag>PageContent</tag>
<tag>Setter</tag>
</tags>
<doc>Simulates mouse click on the element found by ``selector``.</doc>
<arguments>
<arg>xpath=//img[contains(@src, "sertanejo.png")]/..</arg>
</arguments>
<status status="PASS" starttime="20210215 22:27:43.071" endtime="20210215 22:27:44.489"></status>
</kw>
<kw name="Wait For Elements State" library="Browser">
<tags>
<tag>PageContent</tag>
<tag>Wait</tag>
</tags>
<doc>Waits for the element found by ``selector`` to satisfy state option.</doc>
<arguments>
<arg>xpath=//h2[contains(text(), "Sertanejo")]</arg>
<arg>visible</arg>
<arg>10</arg>
</arguments>
<msg timestamp="20210215 22:27:45.247" level="INFO">Wait for Element with selector: xpath=//h2[contains(text(), "Sertanejo")]</msg>
<status status="PASS" starttime="20210215 22:27:44.490" endtime="20210215 22:27:45.247"></status>
</kw>
<status status="PASS" starttime="20210215 22:27:43.070" endtime="20210215 22:27:45.248"></status>
</kw>
<kw name="Open Album From" library="nave">
<arguments>
<arg>Marcus e Debug</arg>
</arguments>
<kw name="Click" library="Browser">
<tags>
<tag>PageContent</tag>
<tag>Setter</tag>
</tags>
<doc>Simulates mouse click on the element found by ``selector``.</doc>
<arguments>
<arg>xpath=//p[contains(text(), "Marcus e Debug")]/..</arg>
</arguments>
<status status="PASS" starttime="20210215 22:27:45.250" endtime="20210215 22:27:45.350"></status>
</kw>
<kw name="Wait For Elements State" library="Browser">
<tags>
<tag>PageContent</tag>
<tag>Wait</tag>
</tags>
<doc>Waits for the element found by ``selector`` to satisfy state option.</doc>
<arguments>
<arg>xpath=//h2[contains(text(), "Música")]</arg>
<arg>visible</arg>
<arg>10</arg>
</arguments>
<msg timestamp="20210215 22:27:45.988" level="INFO">Wait for Element with selector: xpath=//h2[contains(text(), "Música")]</msg>
<status status="PASS" starttime="20210215 22:27:45.350" endtime="20210215 22:27:45.989"></status>
</kw>
<status status="PASS" starttime="20210215 22:27:45.249" endtime="20210215 22:27:45.989"></status>
</kw>
<kw name="Play Song" library="song">
<arguments>
<arg>Bug de Manhã</arg>
</arguments>
<kw name="Click" library="Browser">
<tags>
<tag>PageContent</tag>
<tag>Setter</tag>
</tags>
<doc>Simulates mouse click on the element found by ``selector``.</doc>
<arguments>
<arg>xpath=//h2[contains(text(), "${song_name}")]/../..//div[contains(@class, "play")]//a</arg>
</arguments>
<status status="PASS" starttime="20210215 22:27:45.991" endtime="20210215 22:27:46.116"></status>
</kw>
<status status="PASS" starttime="20210215 22:27:45.991" endtime="20210215 22:27:46.116"></status>
</kw>
<kw name="Song Should Be Playing" library="song">
<arguments>
<arg>Bug de Manhã</arg>
</arguments>
<kw name="Get Style" library="Browser">
<tags>
<tag>Assertion</tag>
<tag>Getter</tag>
<tag>PageContent</tag>
</tags>
<doc>Gets the computed style properties of the element selected by ``selector``.</doc>
<arguments>
<arg>xpath=//h2[contains(text(), "${song_name}")]/../../..</arg>
<arg>color</arg>
<arg>equal</arg>
<arg>rgb(225, 0, 180)</arg>
</arguments>
<msg timestamp="20210215 22:27:46.151" level="INFO">Value of key: color</msg>
<msg timestamp="20210215 22:27:46.152" level="INFO">Value of selected property: rgb(225, 0, 180)</msg>
<status status="PASS" starttime="20210215 22:27:46.118" endtime="20210215 22:27:46.152"></status>
</kw>
<status status="PASS" starttime="20210215 22:27:46.117" endtime="20210215 22:27:46.152"></status>
</kw>
<kw name="Take Screenshot" library="Browser" type="teardown">
<tags>
<tag>PageContent</tag>
</tags>
<doc>Takes a screenshot of the current window and saves it to ``path``. Saves it as a png.</doc>
<msg timestamp="20210215 22:27:46.583" level="INFO" html="yes">&lt;/td&gt;&lt;/tr&gt;&lt;tr&gt;&lt;td colspan="3"&gt;&lt;a href="browser/screenshot/robotframework-browser-screenshot-59.png"&gt;&lt;img src="browser/screenshot/robotframework-browser-screenshot-59.png" width="800px"&gt;&lt;/a&gt;</msg>
<status status="PASS" starttime="20210215 22:27:46.153" endtime="20210215 22:27:46.583"></status>
</kw>
<status status="PASS" starttime="20210215 22:27:31.422" endtime="20210215 22:27:46.584" critical="yes"></status>
</test>
<doc>Testando o player de paródias</doc>
<status status="PASS" starttime="20210215 22:27:29.913" endtime="20210215 22:27:46.737"></status>
</suite>
<statistics>
<total>
<stat pass="1" fail="0">Critical Tests</stat>
<stat pass="1" fail="0">All Tests</stat>
</total>
<tag>
</tag>
<suite>
<stat pass="1" fail="0" id="s1" name="Player">Player</stat>
</suite>
</statistics>
<errors>
</errors>
</robot>
